<?xml version="1.0" encoding="UTF-8"?>
<testsuites name="TSAPI" time="2" tests="1" failures="0" errors="0">
   <testsuite name="TSAPI" tests="1" failures="0" errors="0" time="2" timestamp="2018-11-02 11:21:14" hostname="mapolayom - 10.92.24.0" id="Test Suites/TSAPI">
      <properties>
         <property name="deviceName" value=""/>
         <property name="devicePlatform" value=""/>
         <property name="logFolder" value="/Users/mapolayom/Katalon/Ventas/Reports/TSAPI/20181102_112112"/>
         <property name="logFiles" value="/Users/mapolayom/Katalon/Ventas/Reports/TSAPI/20181102_112112/execution0.log"/>
         <property name="attachments" value=""/>
         <property name="hostName" value="mapolayom - 10.92.24.0"/>
         <property name="hostAddress" value="10.92.24.0"/>
         <property name="os" value="Mac OS X 64bit"/>
         <property name="katalonVersion" value="5.8.0.1"/>
      </properties>
      <testcase name="Test Cases/testapi" classname="Test Cases/testapi" status="PASSED">
         <system-out><![CDATA[2018-11-02 11:21:15 - [TEST_CASE][PASSED] - Test Cases/testapi: Test Cases/testapi

2018-11-02 11:21:15 - [TEST_STEP][PASSED] - sendRequest: Send request successfully

2018-11-02 11:21:17 - [MESSAGE][PASSED] - Send request successfully]]></system-out>
         <system-err><![CDATA[]]></system-err>
      </testcase>
      <system-out><![CDATA[2018-11-02 11:21:14 - [TEST_SUITE][PASSED] - TSAPI: Test Cases/testapi]]></system-out>
      <system-err><![CDATA[]]></system-err>
   </testsuite>
</testsuites>
