<?xml version="1.0" encoding="UTF-8"?>
<testsuites name="LoginSuite" time="10" tests="1" failures="0" errors="0">
   <testsuite name="LoginSuite" tests="1" failures="0" errors="0" time="10" timestamp="2018-11-02 10:26:56" hostname="mapolayom - 10.92.24.0" id="Test Suites/LoginSuite">
      <properties>
         <property name="deviceName" value=""/>
         <property name="devicePlatform" value=""/>
         <property name="logFolder" value="/Users/mapolayom/Katalon/Ventas/Reports/LoginSuite/20181102_102642"/>
         <property name="logFiles" value="/Users/mapolayom/Katalon/Ventas/Reports/LoginSuite/20181102_102642/execution0.log"/>
         <property name="attachments" value=""/>
         <property name="hostName" value="mapolayom - 10.92.24.0"/>
         <property name="os" value="Mac OS X 64bit"/>
         <property name="katalonVersion" value="5.8.0.1"/>
         <property name="browser" value="Chrome 70.0.3538.77"/>
         <property name="hostAddress" value="10.92.24.0"/>
         <property name="sessionId" value="ee5771d30690d0b83ae6b116bc643adb"/>
         <property name="seleniumVersion" value="3.7.1"/>
         <property name="proxyInformation" value="ProxyInformation{proxyOption=NO_PROXY, proxyServerType=HTTP, password=, proxyServerAddress=, proxyServerPort=0}"/>
         <property name="platform" value="Mac OS X"/>
      </properties>
      <testcase name="Test Cases/logintc" classname="Test Cases/logintc" status="PASSED">
         <system-out><![CDATA[2018-11-02 10:26:56 - [TEST_CASE][PASSED] - Test Cases/logintc: Test Cases/logintc

2018-11-02 10:26:56 - [TEST_STEP][PASSED] - runFeatureFile: Feature file: 'Include/features/login.feature' was passed

2018-11-02 10:27:04 - [MESSAGE][PASSED] - Browser is opened with url: ''

2018-11-02 10:27:05 - [MESSAGE][PASSED] - Navigate to 'http://www.executeautomation.com/demosite/Login.html' successfully

2018-11-02 10:27:05 - [MESSAGE][PASSED] - Text 'admin' is set on object 'Object Repository/Page_Execute Automation/input_Login_UserName'

2018-11-02 10:27:05 - [MESSAGE][PASSED] - Text 'password' is set on object 'Object Repository/Page_Execute Automation/input_Login_Password'

2018-11-02 10:27:06 - [MESSAGE][PASSED] - Object: 'Object Repository/Page_Execute Automation/input_Login_Login' is clicked on

2018-11-02 10:27:06 - [MESSAGE][PASSED] - Text 'Click for Generating JavaScript Alert' is present on page 

2018-11-02 10:27:06 - [MESSAGE][PASSED] - Browser is closed

2018-11-02 10:27:06 - [MESSAGE][PASSED] - Feature file: 'Include/features/login.feature' was passed]]></system-out>
         <system-err><![CDATA[]]></system-err>
      </testcase>
      <system-out><![CDATA[2018-11-02 10:26:56 - [TEST_SUITE][PASSED] - LoginSuite: Test Cases/logintc]]></system-out>
      <system-err><![CDATA[]]></system-err>
   </testsuite>
</testsuites>
