<?xml version="1.0" encoding="UTF-8"?>
<testsuites name="TSAPI" time="1" tests="1" failures="0" errors="0">
   <testsuite name="TSAPI" tests="1" failures="0" errors="0" time="1" timestamp="2018-11-06 09:48:47" hostname="mapolayom - 10.92.27.205" id="Test Suites/TSAPI">
      <properties>
         <property name="deviceName" value=""/>
         <property name="devicePlatform" value=""/>
         <property name="logFolder" value="/Users/mapolayom/Katalon/Ventas/Reports/TSAPI/20181106_094845"/>
         <property name="logFiles" value="/Users/mapolayom/Katalon/Ventas/Reports/TSAPI/20181106_094845/execution0.log"/>
         <property name="attachments" value=""/>
         <property name="hostName" value="mapolayom - 10.92.27.205"/>
         <property name="hostAddress" value="10.92.27.205"/>
         <property name="os" value="Mac OS X 64bit"/>
         <property name="katalonVersion" value="5.8.5.1"/>
      </properties>
      <testcase name="Test Cases/testapi" classname="Test Cases/testapi" status="PASSED">
         <system-out><![CDATA[2018-11-06 09:48:47 - [TEST_CASE][PASSED] - Test Cases/testapi: Test Cases/testapi

2018-11-06 09:48:48 - [TEST_STEP][PASSED] - sendRequest: Send request successfully

2018-11-06 09:48:49 - [MESSAGE][PASSED] - Send request successfully]]></system-out>
         <system-err><![CDATA[]]></system-err>
      </testcase>
      <system-out><![CDATA[2018-11-06 09:48:47 - [TEST_SUITE][PASSED] - TSAPI: Test Cases/testapi]]></system-out>
      <system-err><![CDATA[]]></system-err>
   </testsuite>
</testsuites>
